<?xml version="1.0" encoding="UTF-8"?>
<coverage generated="1568638342217" clover="3.2.0">
  <project timestamp="1568638342217" name="All files">
    <metrics statements="51" coveredstatements="12" conditionals="9" coveredconditionals="1" methods="21" coveredmethods="5" elements="81" coveredelements="18" complexity="0" loc="51" ncloc="51" packages="11" files="15" classes="15"/>
    <package name="menu-chooser">
      <metrics statements="2" coveredstatements="0" conditionals="0" coveredconditionals="0" methods="1" coveredmethods="0"/>
      <file name="App.js" path="/mnt/c/Users/thierry.aronoff/WebstormProjects/menu-chooser/App.js">
        <metrics statements="2" coveredstatements="0" conditionals="0" coveredconditionals="0" methods="1" coveredmethods="0"/>
        <line num="5" count="0" type="stmt"/>
        <line num="8" count="0" type="stmt"/>
      </file>
    </package>
    <package name="menu-chooser.app.API">
      <metrics statements="5" coveredstatements="3" conditionals="0" coveredconditionals="0" methods="2" coveredmethods="0"/>
      <file name="index.js" path="/mnt/c/Users/thierry.aronoff/WebstormProjects/menu-chooser/app/API/index.js">
        <metrics statements="1" coveredstatements="1" conditionals="0" coveredconditionals="0" methods="0" coveredmethods="0"/>
        <line num="3" count="1" type="stmt"/>
      </file>
      <file name="menuApi.js" path="/mnt/c/Users/thierry.aronoff/WebstormProjects/menu-chooser/app/API/menuApi.js">
        <metrics statements="4" coveredstatements="2" conditionals="0" coveredconditionals="0" methods="2" coveredmethods="0"/>
        <line num="3" count="1" type="stmt"/>
        <line num="4" count="0" type="stmt"/>
        <line num="8" count="1" type="stmt"/>
        <line num="9" count="0" type="stmt"/>
      </file>
    </package>
    <package name="menu-chooser.app.Animations">
      <metrics statements="4" coveredstatements="0" conditionals="0" coveredconditionals="0" methods="3" coveredmethods="0"/>
      <file name="fadeIn.js" path="/mnt/c/Users/thierry.aronoff/WebstormProjects/menu-chooser/app/Animations/fadeIn.js">
        <metrics statements="4" coveredstatements="0" conditionals="0" coveredconditionals="0" methods="3" coveredmethods="0"/>
        <line num="12" count="0" type="stmt"/>
        <line num="13" count="0" type="stmt"/>
        <line num="19" count="0" type="stmt"/>
        <line num="29" count="0" type="stmt"/>
      </file>
    </package>
    <package name="menu-chooser.app.Components.DishesComponent">
      <metrics statements="1" coveredstatements="0" conditionals="0" coveredconditionals="0" methods="1" coveredmethods="0"/>
      <file name="dishesComponent.js" path="/mnt/c/Users/thierry.aronoff/WebstormProjects/menu-chooser/app/Components/DishesComponent/dishesComponent.js">
        <metrics statements="1" coveredstatements="0" conditionals="0" coveredconditionals="0" methods="1" coveredmethods="0"/>
        <line num="9" count="0" type="stmt"/>
      </file>
    </package>
    <package name="menu-chooser.app.Components.MenuComponent">
      <metrics statements="3" coveredstatements="0" conditionals="0" coveredconditionals="0" methods="2" coveredmethods="0"/>
      <file name="MenuComponent.js" path="/mnt/c/Users/thierry.aronoff/WebstormProjects/menu-chooser/app/Components/MenuComponent/MenuComponent.js">
        <metrics statements="2" coveredstatements="0" conditionals="0" coveredconditionals="0" methods="2" coveredmethods="0"/>
        <line num="11" count="0" type="stmt"/>
        <line num="15" count="0" type="stmt"/>
      </file>
      <file name="MenuComponent.styles.js" path="/mnt/c/Users/thierry.aronoff/WebstormProjects/menu-chooser/app/Components/MenuComponent/MenuComponent.styles.js">
        <metrics statements="1" coveredstatements="0" conditionals="0" coveredconditionals="0" methods="0" coveredmethods="0"/>
        <line num="3" count="0" type="stmt"/>
      </file>
    </package>
    <package name="menu-chooser.app.Helpers">
      <metrics statements="1" coveredstatements="0" conditionals="0" coveredconditionals="0" methods="0" coveredmethods="0"/>
      <file name="menuList.js" path="/mnt/c/Users/thierry.aronoff/WebstormProjects/menu-chooser/app/Helpers/menuList.js">
        <metrics statements="1" coveredstatements="0" conditionals="0" coveredconditionals="0" methods="0" coveredmethods="0"/>
        <line num="2" count="0" type="stmt"/>
      </file>
    </package>
    <package name="menu-chooser.app.Views.Menu">
      <metrics statements="29" coveredstatements="7" conditionals="9" coveredconditionals="1" methods="10" coveredmethods="4"/>
      <file name="MenuView.js" path="/mnt/c/Users/thierry.aronoff/WebstormProjects/menu-chooser/app/Views/Menu/MenuView.js">
        <metrics statements="28" coveredstatements="6" conditionals="9" coveredconditionals="1" methods="10" coveredmethods="4"/>
        <line num="14" count="1" type="stmt"/>
        <line num="15" count="1" type="stmt"/>
        <line num="19" count="1" type="stmt"/>
        <line num="35" count="1" type="stmt"/>
        <line num="43" count="0" type="stmt"/>
        <line num="44" count="0" type="stmt"/>
        <line num="57" count="1" type="cond" truecount="1" falsecount="1"/>
        <line num="58" count="1" type="stmt"/>
        <line num="64" count="0" type="stmt"/>
        <line num="75" count="0" type="stmt"/>
        <line num="79" count="0" type="cond" truecount="0" falsecount="7"/>
        <line num="82" count="0" type="stmt"/>
        <line num="83" count="0" type="stmt"/>
        <line num="87" count="0" type="stmt"/>
        <line num="88" count="0" type="stmt"/>
        <line num="91" count="0" type="stmt"/>
        <line num="92" count="0" type="stmt"/>
        <line num="95" count="0" type="stmt"/>
        <line num="96" count="0" type="stmt"/>
        <line num="99" count="0" type="stmt"/>
        <line num="100" count="0" type="stmt"/>
        <line num="103" count="0" type="stmt"/>
        <line num="104" count="0" type="stmt"/>
        <line num="107" count="0" type="stmt"/>
        <line num="111" count="0" type="stmt"/>
        <line num="117" count="0" type="stmt"/>
        <line num="121" count="0" type="stmt"/>
        <line num="124" count="0" type="stmt"/>
      </file>
      <file name="MenuView.styles.js" path="/mnt/c/Users/thierry.aronoff/WebstormProjects/menu-chooser/app/Views/Menu/MenuView.styles.js">
        <metrics statements="1" coveredstatements="1" conditionals="0" coveredconditionals="0" methods="0" coveredmethods="0"/>
        <line num="3" count="1" type="stmt"/>
      </file>
    </package>
    <package name="menu-chooser.app.Views.home">
      <metrics statements="3" coveredstatements="2" conditionals="0" coveredconditionals="0" methods="2" coveredmethods="1"/>
      <file name="HomeComponent.js" path="/mnt/c/Users/thierry.aronoff/WebstormProjects/menu-chooser/app/Views/home/HomeComponent.js">
        <metrics statements="2" coveredstatements="1" conditionals="0" coveredconditionals="0" methods="2" coveredmethods="1"/>
        <line num="13" count="1" type="stmt"/>
        <line num="41" count="0" type="stmt"/>
      </file>
      <file name="home.style.js" path="/mnt/c/Users/thierry.aronoff/WebstormProjects/menu-chooser/app/Views/home/home.style.js">
        <metrics statements="1" coveredstatements="1" conditionals="0" coveredconditionals="0" methods="0" coveredmethods="0"/>
        <line num="3" count="1" type="stmt"/>
      </file>
    </package>
    <package name="menu-chooser.app.navigation">
      <metrics statements="1" coveredstatements="0" conditionals="0" coveredconditionals="0" methods="0" coveredmethods="0"/>
      <file name="routesNavigations.js" path="/mnt/c/Users/thierry.aronoff/WebstormProjects/menu-chooser/app/navigation/routesNavigations.js">
        <metrics statements="1" coveredstatements="0" conditionals="0" coveredconditionals="0" methods="0" coveredmethods="0"/>
        <line num="8" count="0" type="stmt"/>
      </file>
    </package>
    <package name="menu-chooser.app.navigation.HomeRoutes">
      <metrics statements="1" coveredstatements="0" conditionals="0" coveredconditionals="0" methods="0" coveredmethods="0"/>
      <file name="HomeNavigation.js" path="/mnt/c/Users/thierry.aronoff/WebstormProjects/menu-chooser/app/navigation/HomeRoutes/HomeNavigation.js">
        <metrics statements="1" coveredstatements="0" conditionals="0" coveredconditionals="0" methods="0" coveredmethods="0"/>
        <line num="3" count="0" type="stmt"/>
      </file>
    </package>
    <package name="menu-chooser.app.navigation.MenuRoute">
      <metrics statements="1" coveredstatements="0" conditionals="0" coveredconditionals="0" methods="0" coveredmethods="0"/>
      <file name="MenuNavigation.js" path="/mnt/c/Users/thierry.aronoff/WebstormProjects/menu-chooser/app/navigation/MenuRoute/MenuNavigation.js">
        <metrics statements="1" coveredstatements="0" conditionals="0" coveredconditionals="0" methods="0" coveredmethods="0"/>
        <line num="3" count="0" type="stmt"/>
      </file>
    </package>
  </project>
</coverage>
