{"/mnt/c/Users/thierry.aronoff/WebstormProjects/menu-chooser/App.js": {"path":"/mnt/c/Users/thierry.aronoff/WebstormProjects/menu-chooser/App.js","statementMap":{"0":{"start":{"line":5,"column":21},"end":{"line":5,"column":53}},"1":{"start":{"line":8,"column":2},"end":{"line":10,"column":4}}},"fnMap":{"0":{"name":"App","decl":{"start":{"line":7,"column":24},"end":{"line":7,"column":27}},"loc":{"start":{"line":7,"column":30},"end":{"line":11,"column":1}},"line":7}},"branchMap":{},"s":{"0":0,"1":0},"f":{"0":0},"b":{},"hash":"9bbd195b8510d30aabc77771a77b53f81911f652"}
,"/mnt/c/Users/thierry.aronoff/WebstormProjects/menu-chooser/app/API/index.js": {"path":"/mnt/c/Users/thierry.aronoff/WebstormProjects/menu-chooser/app/API/index.js","statementMap":{"0":{"start":{"line":3,"column":23},"end":{"line":3,"column":35}}},"fnMap":{},"branchMap":{},"s":{"0":1},"f":{},"b":{},"_coverageSchema":"43e27e138ebf9cfc5966b082cf9a028302ed4184","hash":"db85f057dac32a58372a5506033d6f0977735536"}
,"/mnt/c/Users/thierry.aronoff/WebstormProjects/menu-chooser/app/API/menuApi.js": {"path":"/mnt/c/Users/thierry.aronoff/WebstormProjects/menu-chooser/app/API/menuApi.js","statementMap":{"0":{"start":{"line":3,"column":28},"end":{"line":6,"column":1}},"1":{"start":{"line":4,"column":4},"end":{"line":5,"column":37}},"2":{"start":{"line":8,"column":29},"end":{"line":11,"column":1}},"3":{"start":{"line":9,"column":4},"end":{"line":10,"column":42}}},"fnMap":{"0":{"name":"(anonymous_0)","decl":{"start":{"line":3,"column":28},"end":{"line":3,"column":29}},"loc":{"start":{"line":3,"column":34},"end":{"line":6,"column":1}},"line":3},"1":{"name":"(anonymous_1)","decl":{"start":{"line":8,"column":29},"end":{"line":8,"column":30}},"loc":{"start":{"line":8,"column":38},"end":{"line":11,"column":1}},"line":8}},"branchMap":{},"s":{"0":1,"1":0,"2":1,"3":0},"f":{"0":0,"1":0},"b":{},"_coverageSchema":"43e27e138ebf9cfc5966b082cf9a028302ed4184","hash":"a8d4da6a32d55a32b11c295466278c208b19ef61"}
,"/mnt/c/Users/thierry.aronoff/WebstormProjects/menu-chooser/app/Animations/fadeIn.js": {"path":"/mnt/c/Users/thierry.aronoff/WebstormProjects/menu-chooser/app/Animations/fadeIn.js","statementMap":{"0":{"start":{"line":12,"column":4},"end":{"line":12,"column":17}},"1":{"start":{"line":13,"column":4},"end":{"line":15,"column":6}},"2":{"start":{"line":19,"column":4},"end":{"line":25,"column":14}},"3":{"start":{"line":29,"column":4},"end":{"line":34,"column":6}}},"fnMap":{"0":{"name":"(anonymous_0)","decl":{"start":{"line":11,"column":2},"end":{"line":11,"column":3}},"loc":{"start":{"line":11,"column":21},"end":{"line":16,"column":3}},"line":11},"1":{"name":"(anonymous_1)","decl":{"start":{"line":18,"column":2},"end":{"line":18,"column":3}},"loc":{"start":{"line":18,"column":22},"end":{"line":26,"column":3}},"line":18},"2":{"name":"(anonymous_2)","decl":{"start":{"line":28,"column":2},"end":{"line":28,"column":3}},"loc":{"start":{"line":28,"column":11},"end":{"line":35,"column":3}},"line":28}},"branchMap":{},"s":{"0":0,"1":0,"2":0,"3":0},"f":{"0":0,"1":0,"2":0},"b":{},"_coverageSchema":"43e27e138ebf9cfc5966b082cf9a028302ed4184","hash":"0472b8d07d2b547b3205e5e324f9453ca38727fd"}
,"/mnt/c/Users/thierry.aronoff/WebstormProjects/menu-chooser/app/Components/DishesComponent/dishesComponent.js": {"path":"/mnt/c/Users/thierry.aronoff/WebstormProjects/menu-chooser/app/Components/DishesComponent/dishesComponent.js","statementMap":{"0":{"start":{"line":9,"column":2},"end":{"line":33,"column":4}}},"fnMap":{"0":{"name":"dishesComponent","decl":{"start":{"line":8,"column":9},"end":{"line":8,"column":24}},"loc":{"start":{"line":8,"column":27},"end":{"line":34,"column":1}},"line":8}},"branchMap":{},"s":{"0":0},"f":{"0":0},"b":{},"hash":"ffe792c1e280f90f01b254d4b0180468e1df6bab"}
,"/mnt/c/Users/thierry.aronoff/WebstormProjects/menu-chooser/app/Components/MenuComponent/MenuComponent.js": {"path":"/mnt/c/Users/thierry.aronoff/WebstormProjects/menu-chooser/app/Components/MenuComponent/MenuComponent.js","statementMap":{"0":{"start":{"line":11,"column":2},"end":{"line":24,"column":4}},"1":{"start":{"line":15,"column":12},"end":{"line":15,"column":22}}},"fnMap":{"0":{"name":"MenuComponent","decl":{"start":{"line":10,"column":9},"end":{"line":10,"column":22}},"loc":{"start":{"line":10,"column":59},"end":{"line":25,"column":1}},"line":10},"1":{"name":"(anonymous_1)","decl":{"start":{"line":14,"column":19},"end":{"line":14,"column":20}},"loc":{"start":{"line":14,"column":25},"end":{"line":16,"column":11}},"line":14}},"branchMap":{},"s":{"0":0,"1":0},"f":{"0":0,"1":0},"b":{},"hash":"c44cf0146a81898684cdcd52cde837d3e75a3a18"}
,"/mnt/c/Users/thierry.aronoff/WebstormProjects/menu-chooser/app/Components/MenuComponent/MenuComponent.styles.js": {"path":"/mnt/c/Users/thierry.aronoff/WebstormProjects/menu-chooser/app/Components/MenuComponent/MenuComponent.styles.js","statementMap":{"0":{"start":{"line":3,"column":15},"end":{"line":31,"column":2}}},"fnMap":{},"branchMap":{},"s":{"0":0},"f":{},"b":{},"hash":"d7c5729924b09a7caaeed5b0409391ac393ff8cc"}
,"/mnt/c/Users/thierry.aronoff/WebstormProjects/menu-chooser/app/Helpers/menuList.js": {"path":"/mnt/c/Users/thierry.aronoff/WebstormProjects/menu-chooser/app/Helpers/menuList.js","statementMap":{"0":{"start":{"line":2,"column":11},"end":{"line":33,"column":5}}},"fnMap":{},"branchMap":{},"s":{"0":0},"f":{},"b":{},"hash":"0e4378f640693545aac5e7ffe31e9891fcab47b0"}
,"/mnt/c/Users/thierry.aronoff/WebstormProjects/menu-chooser/app/Views/Menu/MenuView.js": {"path":"/mnt/c/Users/thierry.aronoff/WebstormProjects/menu-chooser/app/Views/Menu/MenuView.js","statementMap":{"0":{"start":{"line":14,"column":4},"end":{"line":14,"column":17}},"1":{"start":{"line":15,"column":4},"end":{"line":18,"column":6}},"2":{"start":{"line":19,"column":4},"end":{"line":19,"column":51}},"3":{"start":{"line":35,"column":4},"end":{"line":39,"column":6}},"4":{"start":{"line":43,"column":4},"end":{"line":53,"column":7}},"5":{"start":{"line":44,"column":6},"end":{"line":52,"column":8}},"6":{"start":{"line":57,"column":4},"end":{"line":71,"column":5}},"7":{"start":{"line":58,"column":6},"end":{"line":62,"column":8}},"8":{"start":{"line":64,"column":6},"end":{"line":70,"column":8}},"9":{"start":{"line":75,"column":4},"end":{"line":75,"column":20}},"10":{"start":{"line":79,"column":4},"end":{"line":109,"column":5}},"11":{"start":{"line":82,"column":8},"end":{"line":82,"column":27}},"12":{"start":{"line":83,"column":8},"end":{"line":83,"column":14}},"13":{"start":{"line":87,"column":8},"end":{"line":87,"column":35}},"14":{"start":{"line":88,"column":8},"end":{"line":88,"column":14}},"15":{"start":{"line":91,"column":8},"end":{"line":91,"column":28}},"16":{"start":{"line":92,"column":8},"end":{"line":92,"column":14}},"17":{"start":{"line":95,"column":8},"end":{"line":95,"column":25}},"18":{"start":{"line":96,"column":8},"end":{"line":96,"column":14}},"19":{"start":{"line":99,"column":8},"end":{"line":99,"column":31}},"20":{"start":{"line":100,"column":8},"end":{"line":100,"column":14}},"21":{"start":{"line":103,"column":8},"end":{"line":103,"column":33}},"22":{"start":{"line":104,"column":8},"end":{"line":104,"column":14}},"23":{"start":{"line":107,"column":8},"end":{"line":107,"column":31}},"24":{"start":{"line":111,"column":4},"end":{"line":127,"column":6}},"25":{"start":{"line":117,"column":27},"end":{"line":117,"column":62}},"26":{"start":{"line":121,"column":27},"end":{"line":121,"column":56}},"27":{"start":{"line":124,"column":39},"end":{"line":124,"column":64}}},"fnMap":{"0":{"name":"(anonymous_0)","decl":{"start":{"line":13,"column":2},"end":{"line":13,"column":3}},"loc":{"start":{"line":13,"column":21},"end":{"line":20,"column":3}},"line":13},"1":{"name":"(anonymous_1)","decl":{"start":{"line":22,"column":2},"end":{"line":22,"column":3}},"loc":{"start":{"line":22,"column":22},"end":{"line":32,"column":3}},"line":22},"2":{"name":"(anonymous_2)","decl":{"start":{"line":34,"column":2},"end":{"line":34,"column":3}},"loc":{"start":{"line":34,"column":11},"end":{"line":40,"column":3}},"line":34},"3":{"name":"(anonymous_3)","decl":{"start":{"line":42,"column":2},"end":{"line":42,"column":3}},"loc":{"start":{"line":42,"column":18},"end":{"line":54,"column":3}},"line":42},"4":{"name":"(anonymous_4)","decl":{"start":{"line":43,"column":31},"end":{"line":43,"column":32}},"loc":{"start":{"line":43,"column":37},"end":{"line":53,"column":5}},"line":43},"5":{"name":"(anonymous_5)","decl":{"start":{"line":56,"column":2},"end":{"line":56,"column":3}},"loc":{"start":{"line":56,"column":16},"end":{"line":72,"column":3}},"line":56},"6":{"name":"(anonymous_6)","decl":{"start":{"line":74,"column":2},"end":{"line":74,"column":3}},"loc":{"start":{"line":74,"column":15},"end":{"line":129,"column":3}},"line":74},"7":{"name":"(anonymous_7)","decl":{"start":{"line":117,"column":21},"end":{"line":117,"column":22}},"loc":{"start":{"line":117,"column":27},"end":{"line":117,"column":62}},"line":117},"8":{"name":"(anonymous_8)","decl":{"start":{"line":121,"column":21},"end":{"line":121,"column":22}},"loc":{"start":{"line":121,"column":27},"end":{"line":121,"column":56}},"line":121},"9":{"name":"(anonymous_9)","decl":{"start":{"line":124,"column":33},"end":{"line":124,"column":34}},"loc":{"start":{"line":124,"column":39},"end":{"line":124,"column":64}},"line":124}},"branchMap":{"0":{"loc":{"start":{"line":57,"column":4},"end":{"line":71,"column":5}},"type":"if","locations":[{"start":{"line":57,"column":4},"end":{"line":71,"column":5}},{"start":{"line":57,"column":4},"end":{"line":71,"column":5}}],"line":57},"1":{"loc":{"start":{"line":79,"column":4},"end":{"line":109,"column":5}},"type":"switch","locations":[{"start":{"line":80,"column":6},"end":{"line":84,"column":7}},{"start":{"line":86,"column":6},"end":{"line":89,"column":7}},{"start":{"line":90,"column":6},"end":{"line":93,"column":7}},{"start":{"line":94,"column":6},"end":{"line":97,"column":7}},{"start":{"line":98,"column":6},"end":{"line":101,"column":7}},{"start":{"line":102,"column":6},"end":{"line":105,"column":7}},{"start":{"line":106,"column":6},"end":{"line":107,"column":31}}],"line":79}},"s":{"0":1,"1":1,"2":1,"3":1,"4":0,"5":0,"6":1,"7":1,"8":0,"9":0,"10":0,"11":0,"12":0,"13":0,"14":0,"15":0,"16":0,"17":0,"18":0,"19":0,"20":0,"21":0,"22":0,"23":0,"24":0,"25":0,"26":0,"27":0},"f":{"0":1,"1":1,"2":1,"3":0,"4":0,"5":1,"6":0,"7":0,"8":0,"9":0},"b":{"0":[1,0],"1":[0,0,0,0,0,0,0]},"_coverageSchema":"43e27e138ebf9cfc5966b082cf9a028302ed4184","hash":"d80387debf45cd6cd52bafe0346332ffd49d6d47"}
,"/mnt/c/Users/thierry.aronoff/WebstormProjects/menu-chooser/app/Views/Menu/MenuView.styles.js": {"path":"/mnt/c/Users/thierry.aronoff/WebstormProjects/menu-chooser/app/Views/Menu/MenuView.styles.js","statementMap":{"0":{"start":{"line":3,"column":15},"end":{"line":19,"column":2}}},"fnMap":{},"branchMap":{},"s":{"0":1},"f":{},"b":{},"_coverageSchema":"43e27e138ebf9cfc5966b082cf9a028302ed4184","hash":"e87efaae5e0f2ad0a9ef3d8a7f57f02ee0be55a2"}
,"/mnt/c/Users/thierry.aronoff/WebstormProjects/menu-chooser/app/Views/home/HomeComponent.js": {"path":"/mnt/c/Users/thierry.aronoff/WebstormProjects/menu-chooser/app/Views/home/HomeComponent.js","statementMap":{"0":{"start":{"line":13,"column":4},"end":{"line":50,"column":6}},"1":{"start":{"line":41,"column":33},"end":{"line":41,"column":76}}},"fnMap":{"0":{"name":"(anonymous_0)","decl":{"start":{"line":12,"column":2},"end":{"line":12,"column":3}},"loc":{"start":{"line":12,"column":11},"end":{"line":51,"column":3}},"line":12},"1":{"name":"(anonymous_1)","decl":{"start":{"line":41,"column":27},"end":{"line":41,"column":28}},"loc":{"start":{"line":41,"column":33},"end":{"line":41,"column":76}},"line":41}},"branchMap":{},"s":{"0":1,"1":0},"f":{"0":1,"1":0},"b":{},"_coverageSchema":"43e27e138ebf9cfc5966b082cf9a028302ed4184","hash":"946d470bbcff996e0452068991b8832b3d0e3217"}
,"/mnt/c/Users/thierry.aronoff/WebstormProjects/menu-chooser/app/Views/home/home.style.js": {"path":"/mnt/c/Users/thierry.aronoff/WebstormProjects/menu-chooser/app/Views/home/home.style.js","statementMap":{"0":{"start":{"line":3,"column":15},"end":{"line":59,"column":2}}},"fnMap":{},"branchMap":{},"s":{"0":1},"f":{},"b":{},"_coverageSchema":"43e27e138ebf9cfc5966b082cf9a028302ed4184","hash":"2bc6cb5a93d1b43dcebccab76a11d0a9c54e8d6b"}
,"/mnt/c/Users/thierry.aronoff/WebstormProjects/menu-chooser/app/navigation/routesNavigations.js": {"path":"/mnt/c/Users/thierry.aronoff/WebstormProjects/menu-chooser/app/navigation/routesNavigations.js","statementMap":{"0":{"start":{"line":8,"column":21},"end":{"line":11,"column":2}}},"fnMap":{},"branchMap":{},"s":{"0":0},"f":{},"b":{},"hash":"fedda4d4e578c87057bd3bd79ca5e728b86c7979"}
,"/mnt/c/Users/thierry.aronoff/WebstormProjects/menu-chooser/app/navigation/HomeRoutes/HomeNavigation.js": {"path":"/mnt/c/Users/thierry.aronoff/WebstormProjects/menu-chooser/app/navigation/HomeRoutes/HomeNavigation.js","statementMap":{"0":{"start":{"line":3,"column":13},"end":{"line":8,"column":1}}},"fnMap":{},"branchMap":{},"s":{"0":0},"f":{},"b":{},"hash":"32904df89aa8c8c87e0fa40e05e5717958882d93"}
,"/mnt/c/Users/thierry.aronoff/WebstormProjects/menu-chooser/app/navigation/MenuRoute/MenuNavigation.js": {"path":"/mnt/c/Users/thierry.aronoff/WebstormProjects/menu-chooser/app/navigation/MenuRoute/MenuNavigation.js","statementMap":{"0":{"start":{"line":3,"column":18},"end":{"line":11,"column":1}}},"fnMap":{},"branchMap":{},"s":{"0":0},"f":{},"b":{},"hash":"468ddb3d1ae699cfa0bb138d9c095488b4fe4a54"}
}
