{"/mnt/c/Users/thierry.aronoff/WebstormProjects/menu-chooser/app/Views/home/CommandButton.js": {"path":"/mnt/c/Users/thierry.aronoff/WebstormProjects/menu-chooser/app/Views/home/CommandButton.js","statementMap":{"0":{"start":{"line":5,"column":29},"end":{"line":15,"column":1}},"1":{"start":{"line":6,"column":4},"end":{"line":14,"column":5}}},"fnMap":{"0":{"name":"(anonymous_0)","decl":{"start":{"line":5,"column":29},"end":{"line":5,"column":30}},"loc":{"start":{"line":5,"column":44},"end":{"line":15,"column":1}},"line":5}},"branchMap":{},"s":{"0":1,"1":1},"f":{"0":1},"b":{},"_coverageSchema":"43e27e138ebf9cfc5966b082cf9a028302ed4184","hash":"9551f64aee1e44304766846041e9a33d8957ce8e"}
,"/mnt/c/Users/thierry.aronoff/WebstormProjects/menu-chooser/app/Views/home/ContentHome.js": {"path":"/mnt/c/Users/thierry.aronoff/WebstormProjects/menu-chooser/app/Views/home/ContentHome.js","statementMap":{"0":{"start":{"line":5,"column":27},"end":{"line":29,"column":1}},"1":{"start":{"line":6,"column":4},"end":{"line":28,"column":5}}},"fnMap":{"0":{"name":"(anonymous_0)","decl":{"start":{"line":5,"column":27},"end":{"line":5,"column":28}},"loc":{"start":{"line":5,"column":38},"end":{"line":29,"column":1}},"line":5}},"branchMap":{},"s":{"0":1,"1":1},"f":{"0":1},"b":{},"_coverageSchema":"43e27e138ebf9cfc5966b082cf9a028302ed4184","hash":"9638a6013894364d0aae9b685e23535dbb18853c"}
,"/mnt/c/Users/thierry.aronoff/WebstormProjects/menu-chooser/app/Views/home/HeaderHome.js": {"path":"/mnt/c/Users/thierry.aronoff/WebstormProjects/menu-chooser/app/Views/home/HeaderHome.js","statementMap":{"0":{"start":{"line":5,"column":26},"end":{"line":15,"column":1}},"1":{"start":{"line":6,"column":4},"end":{"line":14,"column":5}}},"fnMap":{"0":{"name":"(anonymous_0)","decl":{"start":{"line":5,"column":26},"end":{"line":5,"column":27}},"loc":{"start":{"line":5,"column":32},"end":{"line":15,"column":1}},"line":5}},"branchMap":{},"s":{"0":1,"1":1},"f":{"0":1},"b":{},"_coverageSchema":"43e27e138ebf9cfc5966b082cf9a028302ed4184","hash":"2039946b0c31c208b8f0610a17a974f7fca539ed"}
,"/mnt/c/Users/thierry.aronoff/WebstormProjects/menu-chooser/app/Views/home/HomeComponent.js": {"path":"/mnt/c/Users/thierry.aronoff/WebstormProjects/menu-chooser/app/Views/home/HomeComponent.js","statementMap":{"0":{"start":{"line":11,"column":8},"end":{"line":21,"column":9}},"1":{"start":{"line":16,"column":39},"end":{"line":16,"column":54}},"2":{"start":{"line":24,"column":15},"end":{"line":26,"column":5}},"3":{"start":{"line":25,"column":8},"end":{"line":25,"column":51}}},"fnMap":{"0":{"name":"(anonymous_0)","decl":{"start":{"line":10,"column":4},"end":{"line":10,"column":5}},"loc":{"start":{"line":10,"column":13},"end":{"line":22,"column":5}},"line":10},"1":{"name":"(anonymous_1)","decl":{"start":{"line":16,"column":33},"end":{"line":16,"column":34}},"loc":{"start":{"line":16,"column":39},"end":{"line":16,"column":54}},"line":16},"2":{"name":"(anonymous_2)","decl":{"start":{"line":24,"column":15},"end":{"line":24,"column":16}},"loc":{"start":{"line":24,"column":21},"end":{"line":26,"column":5}},"line":24}},"branchMap":{},"s":{"0":1,"1":0,"2":1,"3":0},"f":{"0":1,"1":0,"2":0},"b":{},"_coverageSchema":"43e27e138ebf9cfc5966b082cf9a028302ed4184","hash":"86d10f46c0774661c364d17278fbaf5016ed6cac"}
,"/mnt/c/Users/thierry.aronoff/WebstormProjects/menu-chooser/app/Views/home/home.style.js": {"path":"/mnt/c/Users/thierry.aronoff/WebstormProjects/menu-chooser/app/Views/home/home.style.js","statementMap":{"0":{"start":{"line":3,"column":15},"end":{"line":59,"column":2}}},"fnMap":{},"branchMap":{},"s":{"0":1},"f":{},"b":{},"_coverageSchema":"43e27e138ebf9cfc5966b082cf9a028302ed4184","hash":"2bc6cb5a93d1b43dcebccab76a11d0a9c54e8d6b"}
,"/mnt/c/Users/thierry.aronoff/WebstormProjects/menu-chooser/app/Views/home/index.js": {"path":"/mnt/c/Users/thierry.aronoff/WebstormProjects/menu-chooser/app/Views/home/index.js","statementMap":{"0":{"start":{"line":3,"column":20},"end":{"line":3,"column":33}}},"fnMap":{},"branchMap":{},"s":{"0":1},"f":{},"b":{},"_coverageSchema":"43e27e138ebf9cfc5966b082cf9a028302ed4184","hash":"10a90472678191fbbe90d47b0f6fd80948462435"}
,"/mnt/c/Users/thierry.aronoff/WebstormProjects/menu-chooser/app/assets/img/vietnam_restaurant_300.jpg": {"path":"/mnt/c/Users/thierry.aronoff/WebstormProjects/menu-chooser/app/assets/img/vietnam_restaurant_300.jpg","statementMap":{"0":{"start":{"line":1,"column":0},"end":{"line":4,"column":6}}},"fnMap":{},"branchMap":{},"s":{"0":1},"f":{},"b":{},"_coverageSchema":"43e27e138ebf9cfc5966b082cf9a028302ed4184","hash":"4b00ce2fec348059895d14d719fe7eef1a9431a2"}
}
