TN:
SF:/mnt/c/Users/thierry.aronoff/WebstormProjects/menu-chooser/App.js
FN:7,App
FNF:1
FNH:0
FNDA:0,App
DA:5,0
DA:8,0
LF:2
LH:0
BRF:0
BRH:0
end_of_record
TN:
SF:/mnt/c/Users/thierry.aronoff/WebstormProjects/menu-chooser/app/API/index.js
FNF:0
FNH:0
DA:3,1
LF:1
LH:1
BRF:0
BRH:0
end_of_record
TN:
SF:/mnt/c/Users/thierry.aronoff/WebstormProjects/menu-chooser/app/API/menuApi.js
FN:3,(anonymous_0)
FN:8,(anonymous_1)
FNF:2
FNH:0
FNDA:0,(anonymous_0)
FNDA:0,(anonymous_1)
DA:3,1
DA:4,0
DA:8,1
DA:9,0
LF:4
LH:2
BRF:0
BRH:0
end_of_record
TN:
SF:/mnt/c/Users/thierry.aronoff/WebstormProjects/menu-chooser/app/Animations/fadeIn.js
FN:11,(anonymous_0)
FN:18,(anonymous_1)
FN:28,(anonymous_2)
FNF:3
FNH:0
FNDA:0,(anonymous_0)
FNDA:0,(anonymous_1)
FNDA:0,(anonymous_2)
DA:12,0
DA:13,0
DA:19,0
DA:29,0
LF:4
LH:0
BRF:0
BRH:0
end_of_record
TN:
SF:/mnt/c/Users/thierry.aronoff/WebstormProjects/menu-chooser/app/Components/DishesComponent/dishesComponent.js
FN:8,dishesComponent
FNF:1
FNH:0
FNDA:0,dishesComponent
DA:9,0
LF:1
LH:0
BRF:0
BRH:0
end_of_record
TN:
SF:/mnt/c/Users/thierry.aronoff/WebstormProjects/menu-chooser/app/Components/MenuComponent/MenuComponent.js
FN:10,MenuComponent
FN:14,(anonymous_1)
FNF:2
FNH:0
FNDA:0,MenuComponent
FNDA:0,(anonymous_1)
DA:11,0
DA:15,0
LF:2
LH:0
BRF:0
BRH:0
end_of_record
TN:
SF:/mnt/c/Users/thierry.aronoff/WebstormProjects/menu-chooser/app/Components/MenuComponent/MenuComponent.styles.js
FNF:0
FNH:0
DA:3,0
LF:1
LH:0
BRF:0
BRH:0
end_of_record
TN:
SF:/mnt/c/Users/thierry.aronoff/WebstormProjects/menu-chooser/app/Helpers/menuList.js
FNF:0
FNH:0
DA:2,0
LF:1
LH:0
BRF:0
BRH:0
end_of_record
TN:
SF:/mnt/c/Users/thierry.aronoff/WebstormProjects/menu-chooser/app/Views/Menu/MenuView.js
FN:13,(anonymous_0)
FN:22,(anonymous_1)
FN:34,(anonymous_2)
FN:42,(anonymous_3)
FN:43,(anonymous_4)
FN:56,(anonymous_5)
FN:74,(anonymous_6)
FN:117,(anonymous_7)
FN:121,(anonymous_8)
FN:124,(anonymous_9)
FNF:10
FNH:4
FNDA:1,(anonymous_0)
FNDA:1,(anonymous_1)
FNDA:1,(anonymous_2)
FNDA:0,(anonymous_3)
FNDA:0,(anonymous_4)
FNDA:1,(anonymous_5)
FNDA:0,(anonymous_6)
FNDA:0,(anonymous_7)
FNDA:0,(anonymous_8)
FNDA:0,(anonymous_9)
DA:14,1
DA:15,1
DA:19,1
DA:35,1
DA:43,0
DA:44,0
DA:57,1
DA:58,1
DA:64,0
DA:75,0
DA:79,0
DA:82,0
DA:83,0
DA:87,0
DA:88,0
DA:91,0
DA:92,0
DA:95,0
DA:96,0
DA:99,0
DA:100,0
DA:103,0
DA:104,0
DA:107,0
DA:111,0
DA:117,0
DA:121,0
DA:124,0
LF:28
LH:6
BRDA:57,0,0,1
BRDA:57,0,1,0
BRDA:79,1,0,0
BRDA:79,1,1,0
BRDA:79,1,2,0
BRDA:79,1,3,0
BRDA:79,1,4,0
BRDA:79,1,5,0
BRDA:79,1,6,0
BRF:9
BRH:1
end_of_record
TN:
SF:/mnt/c/Users/thierry.aronoff/WebstormProjects/menu-chooser/app/Views/Menu/MenuView.styles.js
FNF:0
FNH:0
DA:3,1
LF:1
LH:1
BRF:0
BRH:0
end_of_record
TN:
SF:/mnt/c/Users/thierry.aronoff/WebstormProjects/menu-chooser/app/Views/home/HomeComponent.js
FN:12,(anonymous_0)
FN:41,(anonymous_1)
FNF:2
FNH:1
FNDA:1,(anonymous_0)
FNDA:0,(anonymous_1)
DA:13,1
DA:41,0
LF:2
LH:1
BRF:0
BRH:0
end_of_record
TN:
SF:/mnt/c/Users/thierry.aronoff/WebstormProjects/menu-chooser/app/Views/home/home.style.js
FNF:0
FNH:0
DA:3,1
LF:1
LH:1
BRF:0
BRH:0
end_of_record
TN:
SF:/mnt/c/Users/thierry.aronoff/WebstormProjects/menu-chooser/app/navigation/routesNavigations.js
FNF:0
FNH:0
DA:8,0
LF:1
LH:0
BRF:0
BRH:0
end_of_record
TN:
SF:/mnt/c/Users/thierry.aronoff/WebstormProjects/menu-chooser/app/navigation/HomeRoutes/HomeNavigation.js
FNF:0
FNH:0
DA:3,0
LF:1
LH:0
BRF:0
BRH:0
end_of_record
TN:
SF:/mnt/c/Users/thierry.aronoff/WebstormProjects/menu-chooser/app/navigation/MenuRoute/MenuNavigation.js
FNF:0
FNH:0
DA:3,0
LF:1
LH:0
BRF:0
BRH:0
end_of_record
